[BEGIN] 2022/8/4 23:55:45
Iteration 1100: 0.2, 0.53666663
Iteration 1200: 0.2, 0.59999996
Iteration 1300: 0.15, 0.5966667
Iteration 1400: 0.1, 0.61333334
Iteration 1500: 0.2, 0.56666666
Validation results: 0.1, 0.26333332
Totally results: , 0.3049999922513962
Iteration 1600: 0.2, 0.59000003
Iteration 1700: 0.15, 0.6766667
Iteration 1800: 0.15, 0.6933333
Iteration 1900: 0.15, 0.71000004
Iteration 2000: 0.05, 0.72
Validation results: 0.1, 0.30333334
Totally results: , 0.30444444219271344
Iteration 2100: 0.1, 0.7633334
Iteration 2200: 0.2, 0.79999995
Iteration 2300: 0.15, 0.7266667
Iteration 2400: 0.2, 0.78
Iteration 2500: 0.2, 0.77
Validation results: 0.2, 0.28333333
Totally results: , 0.299166664481163
Iteration 2600: 0.15, 0.80333334
Iteration 2700: 0.1, 0.8
Iteration 2800: 0.1, 0.8166667
Iteration 2900: 0.05, 0.78666663
Iteration 3000: 0.1, 0.8233334
Validation results: 0.1, 0.25333333
Totally results: , 0.2899999976158142
Iteration 3100: 0.0, 0.77666664
Iteration 3200: 0.05, 0.7966667
Iteration 3300: 0.0, 0.8233334
Iteration 3400: 0.0, 0.81666666
Iteration 3500: 0.0, 0.8266667
Validation results: 0.2, 0.31333333
Totally results: , 0.2938888867696126
Iteration 3600: 0.05, 0.78666663
Iteration 3700: 0.1, 0.81333333
Iteration 3800: 0.1, 0.8266667
Iteration 3900: 0.1, 0.88
Iteration 4000: 0.1, 0.8566667
Validation results: 0.2, 0.26
Totally results: , 0.28904761586870464
Iteration 4100: 0.0, 0.89
Iteration 4200: 0.0, 0.90999997
Iteration 4300: 0.0, 0.8666667
Iteration 4400: 0.05, 0.8466667
Iteration 4500: 0.0, 0.89666665
Validation results: 0.1, 0.24333332
Totally results: , 0.2833333294838667
Iteration 4600: 0.05, 0.90999997
Iteration 4700: 0.05, 0.8666667
Iteration 4800: 0.05, 0.93666667
Iteration 4900: 0.1, 0.92333335
Iteration 5000: 0.05, 0.9266667
Validation results: 0.2, 0.22666666
Totally results: , 0.27703703277640873
Iteration 5100: 0.15, 0.9033333
Iteration 5200: 0.15, 0.9366667
Iteration 5300: 0.15, 0.8933333
Iteration 5400: 0.1, 0.9566667
Iteration 5500: 0.15, 0.92
Validation results: 0.3, 0.2733333
Totally results: , 0.2766666606068611
Iteration 5600: 0.05, 0.94666666
Iteration 5700: 0.0, 0.87666667
Iteration 5800: 0.0, 0.9333334
Iteration 5900: 0.0, 0.9366667
Iteration 6000: 0.0, 0.9433333
Validation results: 0.1, 0.28666666
Totally results: , 0.2775757515972311
Iteration 6100: 0.1, 0.9166666
Iteration 6200: 0.1, 0.96333337
Iteration 6300: 0.05, 0.9433334
Iteration 6400: 0.05, 0.96000004
Iteration 6500: 0.05, 0.96000004
Validation results: 0.15, 0.21333334
Totally results: , 0.27222221717238426
Iteration 6600: 0.2, 0.93666667
Iteration 6700: 0.2, 0.9466667
Iteration 6800: 0.2, 0.9866667
Iteration 6900: 0.2, 0.9433333
Iteration 7000: 0.15, 0.97333336
Validation results: 0.15, 0.22000001
Totally results: , 0.26820512459828305
Iteration 7100: 0.05, 0.93333334
Iteration 7200: 0.15, 0.96333337
Iteration 7300: 0.1, 0.9666667
Iteration 7400: 0.15, 0.98
Iteration 7500: 0.15, 0.9766667
Validation results: 0.2, 0.22666666
Totally results: , 0.26523809134960175
Iteration 7600: 0.05, 0.9766667
Iteration 7700: 0.1, 0.96000004
Iteration 7800: 0.05, 1.0
Iteration 7900: 0.1, 0.95000005
Iteration 8000: 0.05, 0.99
Validation results: 0.2, 0.2733333
Totally results: , 0.2657777726650238
Iteration 8100: 0.15, 0.98333335
Iteration 8200: 0.1, 0.98333335
Iteration 8300: 0.15, 0.97
Iteration 8400: 0.1, 0.99
Iteration 8500: 0.1, 0.9866667
Validation results: 0.2, 0.23
Totally results: , 0.26354166213423014
Iteration 8600: 0.1, 0.98333335
Iteration 8700: 0.1, 0.9866667
Iteration 8800: 0.1, 0.9466667
Iteration 8900: 0.15, 0.97333336
Iteration 9000: 0.1, 0.99333334
Validation results: 0.15, 0.29999998
Totally results: , 0.2656862691921346
Iteration 9100: 0.0, 0.99
Iteration 9200: 0.0, 0.9866667
Iteration 9300: 0.0, 0.99
Iteration 9400: 0.0, 1.0
Iteration 9500: 0.0, 0.99666667
Validation results: 0.15, 0.18333334
Totally results: , 0.26111110630962586
Iteration 9600: 0.15, 0.9766667
Iteration 9700: 0.15, 0.96000004
Iteration 9800: 0.15, 0.96333337
Iteration 9900: 0.15, 0.97333336
Iteration 10000: 0.15, 0.9533334
Validation results: 0.15, 0.23666666
Totally results: , 0.2598245567397067
Iteration 10100: 0.1, 0.99
Iteration 10200: 0.1, 0.9866667
Iteration 10300: 0.1, 0.99666667
Iteration 10400: 0.1, 1.0
Iteration 10500: 0.1, 0.99666667
Validation results: 0.35000002, 0.23
Totally results: , 0.25833332911133766
Iteration 10600: 0.1, 0.99666667
Iteration 10700: 0.1, 0.9866667
Iteration 10800: 0.1, 0.98333335
Iteration 10900: 0.1, 0.97
Iteration 11000: 0.1, 0.97
WARNING:tensorflow:From /home/test_user05/.local/lib/python3.7/site-packages/tensorflow_core/python/training/saver.py:963: remove_checkpoint (from tensorflow.python.training.checkpoint_management) is deprecated and will be removed in a future version.
Instructions for updating:
Use standard file APIs to delete files with this prefix.
Validation results: 0.15, 0.29
Totally results: , 0.25984126542295727
Iteration 11100: 0.05, 0.99333334
Iteration 11200: 0.05, 0.97333336
Iteration 11300: 0.1, 0.98333335
Iteration 11400: 0.05, 0.9866667
Iteration 11500: 0.05, 0.98333335
Validation results: 0.25, 0.21333334
Totally results: , 0.2577272687445987
Iteration 11600: 0.2, 0.99
Iteration 11700: 0.15, 0.95
Iteration 11800: 0.15, 0.99666667
Iteration 11900: 0.15, 0.99666667
Iteration 12000: 0.15, 0.99666667
Validation results: 0.1, 0.25666666
Totally results: , 0.25768115533434827
Iteration 12100: 0.05, 1.0
Iteration 12200: 0.05, 1.0
Iteration 12300: 0.05, 1.0
Iteration 12400: 0.05, 0.99666667
Iteration 12500: 0.05, 0.9866667
Validation results: 0.25, 0.27666664
Totally results: , 0.25847221724689007
Iteration 12600: 0.05, 0.97
Iteration 12700: 0.05, 0.93666667
Iteration 12800: 0.0, 0.99333334
Iteration 12900: 0.05, 0.99333334
Iteration 13000: 0.1, 0.99333334
Validation results: 0.25, 0.22333333
Totally results: , 0.2570666617155075
Iteration 13100: 0.05, 0.99666667
Iteration 13200: 0.05, 1.0
Iteration 13300: 0.05, 1.0
Iteration 13400: 0.05, 1.0
Iteration 13500: 0.05, 1.0
Validation results: 0.15, 0.28333333
Totally results: , 0.2580769182397769
Iteration 13600: 0.05, 1.0
Iteration 13700: 0.05, 1.0
Iteration 13800: 0.05, 1.0
Iteration 13900: 0.05, 0.99333334
Iteration 14000: 0.05, 0.9666667
Validation results: 0.2, 0.26666665
Totally results: , 0.2583950564817146
Iteration 14100: 0.1, 0.98333335
Iteration 14200: 0.1, 0.99
Iteration 14300: 0.1, 0.99666667
Iteration 14400: 0.1, 0.99666667
Iteration 14500: 0.1, 1.0
Validation results: 0.1, 0.26333332
Totally results: , 0.2585714230579989
Iteration 14600: 0.1, 1.0
Iteration 14700: 0.1, 1.0
Iteration 14800: 0.1, 1.0
Iteration 14900: 0.1, 1.0
Iteration 15000: 0.1, 1.0
Validation results: 0.05, 0.25666666
Totally results: , 0.25850574158388995
Iteration 15100: 0.05, 1.0
Iteration 15200: 0.05, 1.0
Iteration 15300: 0.05, 0.99
Iteration 15400: 0.1, 0.9533334
Iteration 15500: 0.05, 0.96333337
Validation results: 0.05, 0.25
Totally results: , 0.2582222168644269
Iteration 15600: 0.05, 0.99333334
Iteration 15700: 0.05, 1.0
Iteration 15800: 0.05, 1.0
Iteration 15900: 0.05, 0.99666667
Iteration 16000: 0.05, 1.0
Validation results: 0.45, 0.25666666
Totally results: , 0.25817203762069824
Iteration 16100: 0.1, 1.0
Iteration 16200: 0.1, 1.0
Iteration 16300: 0.1, 1.0
Iteration 16400: 0.1, 1.0
Iteration 16500: 0.1, 1.0
Validation results: 0.35, 0.20666666
Totally results: , 0.2565624946728349
Iteration 16600: 0.05, 1.0
Iteration 16700: 0.05, 1.0
Iteration 16800: 0.05, 1.0
Iteration 16900: 0.05, 0.99666667
Iteration 17000: 0.05, 0.9666667
Validation results: 0.4, 0.20333335
Totally results: , 0.25494949022928876
Iteration 17100: 0.1, 0.96333337
Iteration 17200: 0.15, 0.9766667
Iteration 17300: 0.1, 0.97
Iteration 17400: 0.1, 0.99666667
Iteration 17500: 0.1, 1.0
Validation results: 0.15, 0.22
Totally results: , 0.2539215640110128
Iteration 17600: 0.15, 1.0
Iteration 17700: 0.15, 1.0
Iteration 17800: 0.15, 1.0
Iteration 17900: 0.15, 1.0
Iteration 18000: 0.15, 1.0
Validation results: 0.25, 0.30666667
Totally results: , 0.25542856710297723
Iteration 18100: 0.0, 1.0
Iteration 18200: 0.0, 1.0
Iteration 18300: 0.0, 1.0
Iteration 18400: 0.0, 1.0
Iteration 18500: 0.0, 1.0
Validation results: 0.2, 0.25
Totally results: , 0.25527777357233894
Iteration 18600: 0.05, 1.0
Iteration 18700: 0.05, 1.0
Iteration 18800: 0.05, 1.0
Iteration 18900: 0.05, 0.99
Iteration 19000: 0.1, 0.9766667
Validation results: 0.05, 0.21000001
Totally results: , 0.2540540501878068
Iteration 19100: 0.0, 0.97333336
Iteration 19200: 0.05, 0.99666667
Iteration 19300: 0.0, 1.0
Iteration 19400: 0.0, 1.0
Iteration 19500: 0.0, 1.0
Validation results: 0.2, 0.19
Totally results: , 0.25236841722538594
Iteration 19600: 0.1, 1.0
Iteration 19700: 0.15, 1.0
Iteration 19800: 0.15, 1.0
Iteration 19900: 0.15, 1.0
Iteration 20000: 0.15, 1.0
Validation results: 0.2, 0.22333333
Totally results: , 0.2516239277827434
Iteration 20100: 0.05, 1.0
Iteration 20200: 0.05, 1.0
Iteration 20300: 0.05, 1.0
Iteration 20400: 0.05, 1.0
Iteration 20500: 0.05, 1.0
Validation results: 0.3, 0.24333334
Totally results: , 0.25141666308045385
Iteration 20600: 0.05, 1.0
Iteration 20700: 0.05, 1.0
Iteration 20800: 0.05, 1.0
Iteration 20900: 0.05, 0.9866667
Iteration 21000: 0.0, 0.9566667
Validation results: 0.25, 0.24666665
Totally results: , 0.2513008092234774
Iteration 21100: 0.15, 0.98
Iteration 21200: 0.15, 1.0
Iteration 21300: 0.15, 1.0
Iteration 21400: 0.15, 1.0
Iteration 21500: 0.15, 1.0
Validation results: 0.1, 0.28
Totally results: , 0.25198412331796827
Iteration 21600: 0.0, 1.0
Iteration 21700: 0.0, 1.0
Iteration 21800: 0.0, 1.0
Iteration 21900: 0.0, 1.0
Iteration 22000: 0.0, 1.0
Validation results: 0.2, 0.22666667
Totally results: , 0.25139534542726916
Iteration 22100: 0.15, 1.0
Iteration 22200: 0.15, 1.0
Iteration 22300: 0.15, 1.0
Iteration 22400: 0.15, 1.0
Iteration 22500: 0.15, 1.0
Validation results: 0.1, 0.22
Totally results: , 0.25068181482228363
Iteration 22600: 0.1, 1.0
Iteration 22700: 0.1, 1.0
Iteration 22800: 0.1, 1.0
Iteration 22900: 0.1, 1.0
Iteration 23000: 0.1, 1.0
Validation results: 0.25, 0.19333334
Totally results: , 0.24940740433004166
Iteration 23100: 0.1, 1.0
Iteration 23200: 0.1, 1.0
Iteration 23300: 0.1, 1.0
Iteration 23400: 0.1, 1.0
Iteration 23500: 0.1, 1.0
Validation results: 0.15, 0.2733333
Totally results: , 0.24992753273766974
Iteration 23600: 0.05, 1.0
Iteration 23700: 0.05, 1.0
Iteration 23800: 0.05, 1.0
Iteration 23900: 0.05, 0.87666667
Iteration 24000: 0.05, 0.9666667
Validation results: 0.15, 0.25666666
Totally results: , 0.2500709184306733
Iteration 24100: 0.2, 0.98
Iteration 24200: 0.2, 1.0
Iteration 24300: 0.2, 1.0
Iteration 24400: 0.2, 1.0
Iteration 24500: 0.2, 1.0
Validation results: 0.1, 0.23333332
Totally results: , 0.2497222184514006
Iteration 24600: 0.05, 1.0
Iteration 24700: 0.05, 1.0
Iteration 24800: 0.05, 1.0
Iteration 24900: 0.05, 1.0
Iteration 25000: 0.05, 1.0
Validation results: 0.2, 0.25666666
Totally results: , 0.2498639417546136
Iteration 25100: 0.05, 1.0
Iteration 25200: 0.05, 1.0
Iteration 25300: 0.05, 1.0
Iteration 25400: 0.05, 1.0
Iteration 25500: 0.05, 1.0
Validation results: 0.15, 0.22999999
Totally results: , 0.2494666627049446
Iteration 25600: 0.05, 1.0
Iteration 25700: 0.05, 1.0
Iteration 25800: 0.05, 1.0
Iteration 25900: 0.05, 1.0
Iteration 26000: 0.05, 1.0
Validation results: 0.15, 0.27666664
Totally results: , 0.24999999561730554
Iteration 26100: 0.0, 1.0
Iteration 26200: 0.0, 1.0
Iteration 26300: 0.0, 1.0
Iteration 26400: 0.0, 1.0
Iteration 26500: 0.0, 1.0
Validation results: 0.15, 0.25333333
Totally results: , 0.2500640982045577
Iteration 26600: 0.1, 1.0
Iteration 26700: 0.1, 1.0
Iteration 26800: 0.1, 0.9333333
Iteration 26900: 0.1, 0.9866667
Iteration 27000: 0.1, 1.0
Validation results: 0.1, 0.21
Totally results: , 0.24930817169963188
Iteration 27100: 0.1, 1.0
Iteration 27200: 0.1, 1.0
Iteration 27300: 0.1, 1.0
Iteration 27400: 0.1, 1.0
Iteration 27500: 0.1, 1.0
Validation results: 0.15, 0.26333332
Totally results: , 0.24956789667959567
Iteration 27600: 0.05, 1.0
Iteration 27700: 0.05, 1.0
Iteration 27800: 0.05, 1.0
Iteration 27900: 0.05, 1.0
Iteration 28000: 0.05, 1.0
Validation results: 0.3, 0.23666665
Totally results: , 0.24933332855051213
Iteration 28100: 0.05, 1.0
Iteration 28200: 0.05, 1.0
Iteration 28300: 0.05, 1.0
Iteration 28400: 0.05, 1.0
Iteration 28500: 0.05, 1.0
Validation results: 0.5, 0.23666666
Totally results: , 0.24910713812070234
Iteration 28600: 0.1, 1.0
Iteration 28700: 0.1, 1.0
Iteration 28800: 0.1, 1.0
Iteration 28900: 0.1, 1.0
Iteration 29000: 0.1, 1.0
Validation results: 0.3, 0.24333334
Totally results: , 0.24900584341141216
Iteration 29100: 0.15, 1.0
Iteration 29200: 0.15, 1.0
Iteration 29300: 0.15, 0.8933333
Iteration 29400: 0.15, 0.99333334
Iteration 29500: 0.15, 1.0
Validation results: 0.3, 0.25
Totally results: , 0.24902298404224987
Iteration 29600: 0.05, 1.0
Iteration 29700: 0.05, 1.0
Iteration 29800: 0.05, 1.0
Iteration 29900: 0.05, 1.0
Iteration 30000: 0.05, 1.0
Validation results: 0.15, 0.22
Totally results: , 0.24853106903827796
Iteration 30100: 0.15, 1.0
Iteration 30200: 0.15, 1.0
Iteration 30300: 0.15, 1.0
Iteration 30400: 0.1, 1.0
Iteration 30500: 0.1, 1.0
Validation results: 0.25, 0.29333335
Totally results: , 0.24927777374784152
Iteration 30600: 0.1, 1.0
Iteration 30700: 0.1, 1.0
Iteration 30800: 0.1, 1.0
Iteration 30900: 0.1, 1.0
Iteration 31000: 0.1, 1.0
Validation results: 0.15, 0.24666667
Totally results: , 0.24923496876583726
Iteration 31100: 0.05, 1.0
Iteration 31200: 0.05, 1.0
Iteration 31300: 0.05, 1.0
Iteration 31400: 0.05, 1.0
Iteration 31500: 0.05, 1.0
Validation results: 0.2, 0.21
Totally results: , 0.24860214658321872
Iteration 31600: 0.0, 1.0
Iteration 31700: 0.0, 1.0
Iteration 31800: 0.0, 1.0
Iteration 31900: 0.0, 1.0
Iteration 32000: 0.0, 1.0
Validation results: 0.2, 0.20666666
Totally results: , 0.24793650399124811
Iteration 32100: 0.25, 1.0
Iteration 32200: 0.25, 1.0
Iteration 32300: 0.25, 1.0
Iteration 32400: 0.2, 1.0
Iteration 32500: 0.2, 0.8833333
Validation results: 0.15, 0.27666664
Totally results: , 0.24838541238568723
Iteration 32600: 0.1, 0.99
Iteration 32700: 0.05, 0.99666667
Iteration 32800: 0.05, 1.0
Iteration 32900: 0.05, 1.0
Iteration 33000: 0.05, 1.0
Validation results: 0.25, 0.24666667
Totally results: , 0.2483589701927625
Iteration 33100: 0.05, 1.0
Iteration 33200: 0.05, 1.0
Iteration 33300: 0.05, 1.0
Iteration 33400: 0.05, 1.0
Iteration 33500: 0.05, 1.0
Validation results: 0.2, 0.23666668
Totally results: , 0.24818181427139224
Iteration 33600: 0.15, 1.0
Iteration 33700: 0.15, 1.0
Iteration 33800: 0.15, 1.0
Iteration 33900: 0.15, 1.0
Iteration 34000: 0.15, 1.0
Validation results: 0.2, 0.26666668
Totally results: , 0.24845770779830306
Iteration 34100: 0.0, 1.0
Iteration 34200: 0.05, 1.0
Iteration 34300: 0.0, 1.0
Iteration 34400: 0.05, 1.0
Iteration 34500: 0.0, 1.0
Validation results: 0.25, 0.21666667
Totally results: , 0.24799019251676166
Iteration 34600: 0.15, 1.0
Iteration 34700: 0.15, 1.0
Iteration 34800: 0.15, 1.0
Iteration 34900: 0.15, 1.0
Iteration 35000: 0.15, 1.0
Validation results: 0.1, 0.25333333
Totally results: , 0.24806762929411902
Iteration 35100: 0.1, 1.0
Iteration 35200: 0.1, 1.0
Iteration 35300: 0.1, 1.0
Iteration 35400: 0.1, 1.0
Iteration 35500: 0.1, 1.0
Validation results: 0.3, 0.24333334
Totally results: , 0.24799999658550534
Iteration 35600: 0.1, 1.0
Iteration 35700: 0.1, 1.0
Iteration 35800: 0.1, 1.0
Iteration 35900: 0.1, 1.0
Iteration 36000: 0.1, 1.0
Validation results: 0.25, 0.26
Totally results: , 0.24816901058378354
Iteration 36100: 0.05, 1.0
Iteration 36200: 0.05, 1.0
Iteration 36300: 0.05, 1.0
Iteration 36400: 0.05, 1.0
Iteration 36500: 0.05, 1.0
Validation results: 0.25, 0.26
Totally results: , 0.24833332974877623
Iteration 36600: 0.15, 1.0
Iteration 36700: 0.15, 1.0
Iteration 36800: 0.15, 1.0
Iteration 36900: 0.2, 0.9466667
Iteration 37000: 0.2, 0.98333335
Validation results: 0.1, 0.22666666
Totally results: , 0.24803652604148813
Iteration 37100: 0.1, 1.0
Iteration 37200: 0.1, 1.0
Iteration 37300: 0.1, 1.0
Iteration 37400: 0.1, 1.0
Iteration 37500: 0.1, 1.0
Validation results: 0.15, 0.23666666
Totally results: , 0.24788287926364588
Iteration 37600: 0.0, 1.0
Iteration 37700: 0.0, 1.0
Iteration 37800: 0.0, 1.0
Iteration 37900: 0.05, 1.0
Iteration 38000: 0.05, 1.0
Validation results: 0.15, 0.24666665
Totally results: , 0.24786666293938955
Iteration 38100: 0.05, 1.0
Iteration 38200: 0.05, 1.0
Iteration 38300: 0.05, 1.0
Iteration 38400: 0.05, 1.0
Iteration 38500: 0.05, 1.0
Validation results: 0.3, 0.25
Totally results: , 0.24789473316387126
Iteration 38600: 0.0, 1.0
Iteration 38700: 0.0, 1.0
Iteration 38800: 0.0, 1.0
Iteration 38900: 0.0, 1.0
Iteration 39000: 0.0, 1.0
Validation results: 0.25, 0.20666666
Totally results: , 0.24735930368497774
Iteration 39100: 0.15, 1.0
Iteration 39200: 0.15, 1.0
Iteration 39300: 0.15, 1.0
Iteration 39400: 0.15, 1.0
Iteration 39500: 0.15, 1.0
Validation results: 0.0, 0.21666667
Totally results: , 0.2469658083640612
Iteration 39600: 0.05, 1.0
Iteration 39700: 0.05, 1.0
Iteration 39800: 0.05, 1.0
Iteration 39900: 0.05, 1.0
Iteration 40000: 0.05, 1.0
Validation results: 0.15, 0.28666666
Totally results: , 0.2474683508088317
Iteration 40100: 0.05, 1.0
Iteration 40200: 0.05, 1.0
Iteration 40300: 0.05, 1.0
Iteration 40400: 0.05, 1.0
Iteration 40500: 0.05, 1.0
Validation results: 0.35000002, 0.25666666
Totally results: , 0.2475833296775818
Iteration 40600: 0.05, 1.0
Iteration 40700: 0.05, 1.0
Iteration 40800: 0.05, 1.0
Iteration 40900: 0.05, 1.0
Iteration 41000: 0.05, 1.0
Validation results: 0.35000002, 0.26333332
Totally results: , 0.24777777401017553
Iteration 41100: 0.1, 1.0
Iteration 41200: 0.1, 1.0
Iteration 41300: 0.1, 1.0
Iteration 41400: 0.1, 1.0
Iteration 41500: 0.1, 1.0
Validation results: 0.3, 0.23333333
Totally results: , 0.24760162230671906
Iteration 41600: 0.15, 1.0
Iteration 41700: 0.15, 0.9466667
Iteration 41800: 0.1, 0.98333335
Iteration 41900: 0.1, 1.0
Iteration 42000: 0.1, 1.0
Validation results: 0.3, 0.23
Totally results: , 0.24738955461835288
Iteration 42100: 0.05, 1.0
Iteration 42200: 0.05, 1.0
Iteration 42300: 0.05, 1.0
Iteration 42400: 0.05, 1.0
Iteration 42500: 0.05, 1.0
Validation results: 0.2, 0.21999998
Totally results: , 0.24706348830035754
Iteration 42600: 0.1, 1.0
Iteration 42700: 0.1, 1.0
Iteration 42800: 0.1, 1.0
Iteration 42900: 0.1, 1.0
Iteration 43000: 0.1, 1.0
Validation results: 0.15, 0.29333332
Totally results: , 0.2476078392828212
Iteration 43100: 0.15, 1.0
Iteration 43200: 0.15, 1.0
Iteration 43300: 0.15, 1.0
Iteration 43400: 0.15, 1.0
Iteration 43500: 0.15, 1.0
Validation results: 0.15, 0.24333332
Totally results: , 0.24755813562592796
Iteration 43600: 0.05, 1.0
Iteration 43700: 0.05, 1.0
Iteration 43800: 0.05, 1.0
Iteration 43900: 0.05, 1.0
Iteration 44000: 0.05, 1.0
Validation results: 0.15, 0.23666666
Totally results: , 0.2474329463024249
Iteration 44100: 0.0, 1.0
Iteration 44200: 0.0, 1.0
Iteration 44300: 0.0, 1.0
Iteration 44400: 0.0, 1.0
Iteration 44500: 0.0, 1.0
Validation results: 0.2, 0.19666667
Totally results: , 0.24685605683109976
Iteration 44600: 0.2, 1.0
Iteration 44700: 0.2, 1.0
Iteration 44800: 0.2, 1.0
Iteration 44900: 0.25, 0.9266666
Iteration 45000: 0.2, 0.99333334
Validation results: 0.15, 0.21333332
Totally results: , 0.24647939690713133
Iteration 45100: 0.05, 1.0
Iteration 45200: 0.05, 1.0
Iteration 45300: 0.05, 1.0
Iteration 45400: 0.05, 1.0
Iteration 45500: 0.05, 1.0
Validation results: 0.25, 0.24
Totally results: , 0.24640740354855856
Iteration 45600: 0.05, 1.0
Iteration 45700: 0.05, 1.0
Iteration 45800: 0.05, 1.0
Iteration 45900: 0.05, 1.0
Iteration 46000: 0.05, 1.0
Validation results: 0.2, 0.22333334
Totally results: , 0.24615384245311822
Iteration 46100: 0.15, 1.0
Iteration 46200: 0.15, 1.0
Iteration 46300: 0.15, 1.0
Iteration 46400: 0.15, 1.0
Iteration 46500: 0.15, 1.0
Validation results: 0.25, 0.25333333
Totally results: , 0.24623188036291496
Iteration 46600: 0.05, 1.0
Iteration 46700: 0.05, 1.0
Iteration 46800: 0.05, 1.0
Iteration 46900: 0.05, 1.0
Iteration 47000: 0.05, 1.0
Validation results: 0.2, 0.19999999
Totally results: , 0.2457347632415833
Iteration 47100: 0.25, 1.0
Iteration 47200: 0.25, 1.0
Iteration 47300: 0.25, 1.0
Iteration 47400: 0.25, 1.0
Iteration 47500: 0.25, 1.0
Validation results: 0.1, 0.21666667
Totally results: , 0.24542552819277377
Iteration 47600: 0.1, 1.0
Iteration 47700: 0.1, 1.0
Iteration 47800: 0.1, 1.0
Iteration 47900: 0.1, 1.0
Iteration 48000: 0.1, 1.0
Validation results: 0.35, 0.21000001
Totally results: , 0.24505262798384617
Iteration 48100: 0.1, 1.0
Iteration 48200: 0.1, 1.0
Iteration 48300: 0.1, 1.0
Iteration 48400: 0.1, 1.0
Iteration 48500: 0.1, 1.0
Validation results: 0.35000002, 0.22333333
Totally results: , 0.24482638528570533
Iteration 48600: 0.05, 1.0
Iteration 48700: 0.05, 1.0
Iteration 48800: 0.05, 1.0
Iteration 48900: 0.05, 1.0
Iteration 49000: 0.05, 1.0
Validation results: 0.25, 0.22
Totally results: , 0.24457044315706825
Iteration 49100: 0.2, 1.0
Iteration 49200: 0.2, 1.0
Iteration 49300: 0.2, 1.0
Iteration 49400: 0.2, 1.0
Iteration 49500: 0.2, 1.0
Validation results: 0.1, 0.21
Totally results: , 0.24421768346611333
Iteration 49600: 0.1, 1.0
Iteration 49700: 0.15, 1.0
Iteration 49800: 0.15, 1.0
Iteration 49900: 0.15, 1.0
Iteration 50000: 0.15, 1.0
Validation results: 0.15, 0.24000001
Totally results: , 0.24417508069915
Iteration 50100: 0.15, 0.9366667
Iteration 50200: 0.15, 0.98333335
Iteration 50300: 0.15, 1.0
Iteration 50400: 0.15, 1.0
Iteration 50500: 0.15, 1.0
Validation results: 0.35, 0.19666667
Totally results: , 0.24369999662041664
Iteration 50600: 0.05, 1.0
Iteration 50700: 0.05, 1.0
Iteration 50800: 0.05, 1.0
Iteration 50900: 0.1, 1.0
Iteration 51000: 0.05, 1.0
Validation results: 0.2, 0.26333332
Totally results: , 0.24389438596692417
Iteration 51100: 0.0, 1.0
Iteration 51200: 0.0, 1.0
Iteration 51300: 0.0, 1.0
Iteration 51400: 0.0, 1.0
Iteration 51500: 0.0, 1.0
Validation results: 0.25, 0.22
Totally results: , 0.24366012726928674
Iteration 51600: 0.15, 1.0
Iteration 51700: 0.15, 1.0
Iteration 51800: 0.15, 1.0
Iteration 51900: 0.15, 1.0
Iteration 52000: 0.15, 1.0
Validation results: 0.1, 0.21000001
Totally results: , 0.24333332999817375
Iteration 52100: 0.0, 1.0
Iteration 52200: 0.0, 1.0
Iteration 52300: 0.0, 1.0
Iteration 52400: 0.0, 1.0
Iteration 52500: 0.0, 1.0
Validation results: 0.3, 0.28333333
Totally results: , 0.24371794539575392
Iteration 52600: 0.1, 1.0
Iteration 52700: 0.1, 1.0
Iteration 52800: 0.1, 1.0
Iteration 52900: 0.1, 1.0
Iteration 53000: 0.1, 1.0
Validation results: 0.4, 0.24333332
Totally results: , 0.2437142823423658
Iteration 53100: 0.0, 1.0
Iteration 53200: 0.0, 1.0
Iteration 53300: 0.0, 1.0
Iteration 53400: 0.0, 1.0
Iteration 53500: 0.0, 1.0
Validation results: 0.35000002, 0.26
Totally results: , 0.24386792109822328
Iteration 53600: 0.15, 1.0
Iteration 53700: 0.15, 1.0
Iteration 53800: 0.15, 1.0
Iteration 53900: 0.15, 1.0
Iteration 54000: 0.15, 1.0
Validation results: 0.15, 0.23333332
Totally results: , 0.24376946687698364
Iteration 54100: 0.1, 1.0
Iteration 54200: 0.1, 1.0
Iteration 54300: 0.1, 1.0
Iteration 54400: 0.1, 1.0
Iteration 54500: 0.1, 1.0
Validation results: 0.4, 0.22999999
Totally results: , 0.2436419717139668
Iteration 54600: 0.05, 1.0
Iteration 54700: 0.05, 1.0
Iteration 54800: 0.05, 1.0
Iteration 54900: 0.05, 1.0
Iteration 55000: 0.05, 1.0
Validation results: 0.3, 0.19
Totally results: , 0.24314984351123145
Iteration 55100: 0.1, 1.0
Iteration 55200: 0.1, 1.0
Iteration 55300: 0.1, 1.0
Iteration 55400: 0.1, 1.0
Iteration 55500: 0.1, 1.0
Validation results: 0.15, 0.27666664
Totally results: , 0.2434545416723598
Iteration 55600: 0.05, 1.0
Iteration 55700: 0.05, 1.0
Iteration 55800: 0.05, 1.0
Iteration 55900: 0.05, 1.0
Iteration 56000: 0.05, 1.0
Validation results: 0.15, 0.22
Totally results: , 0.24324323948439178
Iteration 56100: 0.1, 1.0
Iteration 56200: 0.05, 1.0
Iteration 56300: 0.05, 1.0
Iteration 56400: 0.05, 1.0
Iteration 56500: 0.05, 0.9366667
Validation results: 0.15, 0.22999999
Totally results: , 0.24312499617891653
Iteration 56600: 0.0, 0.99333334
Iteration 56700: 0.0, 0.99666667
Iteration 56800: 0.0, 1.0
Iteration 56900: 0.0, 1.0
Iteration 57000: 0.0, 1.0
Validation results: 0.1, 0.20666666
Totally results: , 0.2428023560648471
Iteration 57100: 0.2, 1.0
Iteration 57200: 0.2, 1.0
Iteration 57300: 0.2, 1.0
Iteration 57400: 0.2, 1.0
Iteration 57500: 0.2, 1.0
Validation results: 0.2, 0.20666666
Totally results: , 0.24248537630365605
Iteration 57600: 0.05, 1.0
Iteration 57700: 0.05, 1.0
Iteration 57800: 0.05, 1.0
Iteration 57900: 0.05, 1.0
Iteration 58000: 0.05, 1.0
Validation results: 0.25, 0.25333333
Totally results: , 0.24257970633714096
Iteration 58100: 0.05, 1.0
Iteration 58200: 0.05, 1.0
Iteration 58300: 0.05, 1.0
Iteration 58400: 0.05, 1.0
Iteration 58500: 0.05, 1.0
Validation results: 0.2, 0.23666666
Totally results: , 0.24252873183838253
Iteration 58600: 0.2, 1.0
Iteration 58700: 0.2, 1.0
Iteration 58800: 0.2, 1.0
Iteration 58900: 0.2, 1.0
Iteration 59000: 0.2, 1.0
Validation results: 0.35, 0.23666666
Totally results: , 0.24247862869857723
Iteration 59100: 0.15, 1.0
Iteration 59200: 0.15, 1.0
Iteration 59300: 0.15, 1.0
Iteration 59400: 0.15, 1.0
Iteration 59500: 0.15, 1.0
Validation results: 0.25, 0.19333333
Totally results: , 0.24206214309748958
Iteration 59600: 0.25, 1.0
Iteration 59700: 0.25, 1.0
Iteration 59800: 0.25, 1.0
Iteration 59900: 0.25, 1.0
]0;test_user05@ubuntu: ~/workspace/mamltest_user05@ubuntu:~/workspace/maml$ 