PYTHONUNBUFFERED=1
LD_LIBRARY_PATH=/usr/local/seccomponent/lib:/home/ma-user/anaconda/lib:/usr/local/nvidia/lib:/usr/local/nvidia/lib64:/usr/local/cuda/extras/CUPTI/lib64:/usr/local/lib:/usr/local/openmpi/lib:/usr/lib/aarch64-linux-gnu/hdf5/serial:/usr/local/Ascend/nnae/latest/fwkacllib/lib64:/usr/local/Ascend/driver/lib64/common:/usr/local/Ascend/driver/lib64/driver::/usr/local/seccomponent/lib/:/usr/local/seccomponent/lib/openssl/
TOOLCHAIN_HOME=HOST_ASCEND_BASE/toolkit
MA_ENGINE_VERSION=tensorflow_1.15-cann_5.0.3-py_3.7-euler_2.8.3-aarch64
MA_NUM_HOSTS=1
VC_WORKER_HOSTS=ma-job-605db59c-08ef-41c9-a4e0-88407a3b8099-worker-0.ma-job-605db59c-08ef-41c9-a4e0-88407a3b8099
MA_TRAINING_TOOLKIT_MOUNT_PATH=/modelarts-job-605db59c-08ef-41c9-a4e0-88407a3b8099
VK_TASK_INDEX=0
TF_PLUGIN_PKG=/usr/local/Ascend/tfplugin/latest/tfplugin/python/site-packages
LANG=C.UTF-8
MA_SCRIPT_INTERPRETER=
HOSTNAME=ma-job-605db59c-08ef-41c9-a4e0-88407a3b8099-worker-0
OLDPWD=/home/work
PIP_OPTS=--trusted-host szg1.artifactory.inhuawei.com -i http://szg1.artifactory.inhuawei.com/artifactory/api/pypi/cbu-pypi-public/simple/ --user
MA_COLLECT_CORE_FILE=1
NPU-VISIBLE-DEVICES=4
ENV_NAME=TensorFlow-1.15-arm
JAVA_HOME=/home/ma-user/jdk1.8.0_212
MA_CURRENT_IP=172.16.0.100
MA_MOUNT_PATH=/home/ma-user/modelarts
CLASS_PATH=.:/home/ma-user/jdk1.8.0_212/lib/dt.jar:/home/ma-user/jdk1.8.0_212/lib/tools.jar:/home/ma-user/jdk1.8.0_212/jre/lib
ASCEND_AICPU_PATH=/usr/local/Ascend/nnae/latest
MA_ENGINE_TYPE=ascend-powered-engine
MA_HOME=/home/ma-user
KUBERNETES_PORT_443_TCP_PROTO=tcp
KUBERNETES_PORT_443_TCP_ADDR=10.247.0.1
MA_VJ_NAME=ma-job-605db59c-08ef-41c9-a4e0-88407a3b8099
TBE_IMPL_PATH=/usr/local/Ascend/nnae/latest/opp/op_impl/built-in/ai_core/tbe
FE_FLAG=1
MOX_VERSION_LOGGED=1
MA_PIP_URL=http://repo.myhuaweicloud.com/repository/pypi/simple/
FWK_PYTHON_PATH=/usr/local/Ascend/nnae/latest/fwkacllib/python/site-packages
KUBERNETES_PORT=tcp://10.247.0.1:443
PWD=/home/ma-user/modelarts/workspace/device0
ASCEND_DEVICE_ID=0
MA_DIAG_MODE_ENV=
RANK_ID=0
HOME=/home/HwHiAiUser
_STDBUF_E=L
DEVICE_ID=0
_STDBUF_O=L
S3_USE_HTTPS=1
MA_LOG_DIR=/home/ma-user/modelarts/log
RANK_SIZE=1
KUBERNETES_SERVICE_PORT_HTTPS=443
SITE_PACKAGES_PATH=/home/ma-user/miniconda3/envs/TensorFlow-1.15-arm/lib/python3.7/site-packages
MA_CUSTOM_IMAGE=1
KUBERNETES_PORT_443_TCP_PORT=443
IS_NEW_IMAGE_FRAMEWORK=true
RANK_TABLE_FILE=/home/ma-user/rank_table/jobstart_hccl.json
MA_NUM_GPUS=1
S3_ENDPOINT=obs.cn-north-4.myhuaweicloud.com
SCC_CONFIG_PATH=/home/ma-user/modelarts/scc/conf_10x/scc.conf
GLOG_v=2
MA_CURRENT_INSTANCE_ID=a4c1be90-7e45-4575-85f1-b11a5c601f0b
FMK_WORKSPACE=/home/ma-user/modelarts/user-job-dir/workspace
MA_SCC_PYTHON_ADAPTER=/home/ma-user/modelarts/scc
MA_PIP_HOST=repo.myhuaweicloud.com
MODELARTS_MODEL_PATH=/home/ma-user/infer/model/1
S3_VERIFY_SSL=0
PAAS_POD_ID=a4c1be90-7e45-4575-85f1-b11a5c601f0b
KUBERNETES_PORT_443_TCP=tcp://10.247.0.1:443
OPTION_EXEC_EXTERN_PLUGIN_PATH=/usr/local/Ascend/fwkacllib/lib64/plugin/opskernel/libfe.so:/usr/local/Ascend/fwkacllib/lib64/plugin/opskernel/libaicpu_plugin.so:/usr/local/Ascend/fwkacllib/lib64/plugin/opskernel/librts_engine.so:/usr/local/Ascend/fwkacllib/lib64/plugin/opskernel/libge_local_engine.so
ASCEND_PROCESS_LOG_PATH=/home/ma-user/modelarts/log/modelarts-job-605db59c-08ef-41c9-a4e0-88407a3b8099/ascend/process_log/rank_0
MA_INPUTS={"inputs": [{"parameter": {"label": "data_url", "value": "/home/ma-user/modelarts/inputs/data_url_0"}, "data_source": {"obs": {"obs_url": "/faceboxes/data/WIDER/"}}}]}
VC_TASK_INDEX=0
PROTOCOL_BUFFERS_PYTHON_IMPLEMENTATION=python
MODELARTS_BATCH_PREDICT_URL=http://127.0.0.1:8080
ASCEND_OPP_PATH=/usr/local/Ascend/nnae/latest/opp
MA_RUN_MODE_ENV=
HCCL_CONNECT_TIMEOUT=1800
VC_WORKER_NUM=1
JOB_ID=modelarts-job-605db59c-08ef-41c9-a4e0-88407a3b8099
MA_PYTHON_VERSION=3
DEPLOY_MODE=1
SHLVL=6
ANACONDA_DIR=/home/ma-user/miniconda3
PYTHONPATH=/home/ma-user/modelarts/user-job-dir:/usr/local/Ascend/nnae/latest/pyACL/python/site-packages/acl:/usr/local/Ascend/nnae/latest/fwkacllib/python/site-packages:/usr/local/Ascend/nnae/latest/fwkacllib/python/site-packages/auto_tune.egg:/usr/local/Ascend/nnae/latest/fwkacllib/python/site-packages/schedule_search.egg:/usr/local/Ascend/tfplugin/latest/tfplugin/python/site-packages:/usr/local/Ascend/nnae/latest/opp/op_impl/built-in/ai_core/tbe:/usr/local/seccomponent/lib:/home/ma-user/infer/model/1
MA_OUTPUTS={"outputs": [{"parameter": {"label": "train_url", "value": "/home/ma-user/modelarts/outputs/train_url_0"}, "data_source": {"obs": {"obs_url": "/faceboxes/workspace/MA-new-code-04-25-20-39/output/"}}}]}
MA_DETECT_ITEM={"ascend_check":1,"disk_size_check":1,"dns_check":1}
MA_CURRENT_INSTANCE_NAME=ma-job-605db59c-08ef-41c9-a4e0-88407a3b8099-worker-0
KUBERNETES_SERVICE_PORT=443
ME_TBE_PLUGIN_PATH=/usr/local/Ascend/opp/framework/built-in/tensorflow/
CREDENTIAL_PROFILES_FILE=/run/secrets/modelarts/user/config
MA_JOB_DIR=/home/ma-user/modelarts/user-job-dir
JRE_HOME=/home/ma-user/jdk1.8.0_212/jre
PATH=/home/ma-user/anaconda/bin:/home/ma-user/jdk1.8.0_212/bin:/home/ma-user/jdk1.8.0_212/jre/bin:/home/ma-user/ddk/bin/x86_64-linux-gcc5.4:/usr/local/openmpi/bin:/home/ma-user/miniconda3/envs/TensorFlow-1.15-arm/bin:/usr/local/ma/python3.7/bin/:/usr/local/Ascend/nnae/latest/fwkacllib/ccec_compiler/bin:/usr/local/Ascend/nnae/latest/fwkacllib/bin:/usr/local/sbin:/usr/local/bin:/usr/sbin:/usr/bin:/sbin:/bin:/home/ma-user/.local/bin
MA_TERMINATION_MESSAGE_PATH=/home/ma-user/modelarts/log/termination-log
MA_TASK_NAME=worker
MA_NAMESPACE=default
LD_PRELOAD=/usr/libexec/coreutils/libstdbuf.so
DLS_LOCAL_CACHE_PATH=/cache
KUBERNETES_SERVICE_HOST=10.247.0.1
AICPU_FLAG=1
_MEMARTS_CONFIG_PATH=/home/ma-user/modelarts/sdk.json
_=/usr/bin/env
